[0m[[0minfo[0m] [0m[32mOtherTest:[0m[0m
[0m[[0minfo[0m] [0m[32m- Empty inline map[0m[0m
[0m[[0minfo[0m] [0m[32m- Empty inline list[0m[0m
[0m[[0minfo[0m] [0m[31m- With empty inline map *** FAILED ***[0m[0m
[0m[[0minfo[0m] [0m[31m  java.lang.RuntimeException: No result when parsing failed[0m[0m
[0m[[0minfo[0m] [0m[31m  at scala.sys.package$.error(package.scala:27)[0m[0m
[0m[[0minfo[0m] [0m[31m  at scala.util.parsing.combinator.Parsers$NoSuccess.get(Parsers.scala:176)[0m[0m
[0m[[0minfo[0m] [0m[31m  at scala.util.parsing.combinator.Parsers$NoSuccess.get(Parsers.scala:162)[0m[0m
[0m[[0minfo[0m] [0m[31m  at processor.OtherTest$$anonfun$3.apply$mcV$sp(OtherTest.scala:30)[0m[0m
[0m[[0minfo[0m] [0m[31m  at processor.OtherTest$$anonfun$3.apply(OtherTest.scala:25)[0m[0m
[0m[[0minfo[0m] [0m[31m  at processor.OtherTest$$anonfun$3.apply(OtherTest.scala:25)[0m[0m
[0m[[0minfo[0m] [0m[31m  at org.scalatest.Transformer$$anonfun$apply$1.apply$mcV$sp(Transformer.scala:22)[0m[0m
[0m[[0minfo[0m] [0m[31m  at org.scalatest.OutcomeOf$class.outcomeOf(OutcomeOf.scala:85)[0m[0m
[0m[[0minfo[0m] [0m[31m  at org.scalatest.OutcomeOf$.outcomeOf(OutcomeOf.scala:104)[0m[0m
[0m[[0minfo[0m] [0m[31m  at org.scalatest.Transformer.apply(Transformer.scala:22)[0m[0m
[0m[[0minfo[0m] [0m[31m  ...[0m[0m
[0m[[0minfo[0m] [0m[31m- empty inline list and map *** FAILED ***[0m[0m
[0m[[0minfo[0m] [0m[31m  java.lang.RuntimeException: No result when parsing failed[0m[0m
[0m[[0minfo[0m] [0m[31m  at scala.sys.package$.error(package.scala:27)[0m[0m
[0m[[0minfo[0m] [0m[31m  at scala.util.parsing.combinator.Parsers$NoSuccess.get(Parsers.scala:176)[0m[0m
[0m[[0minfo[0m] [0m[31m  at scala.util.parsing.combinator.Parsers$NoSuccess.get(Parsers.scala:162)[0m[0m
[0m[[0minfo[0m] [0m[31m  at processor.OtherTest$$anonfun$4.apply$mcV$sp(OtherTest.scala:39)[0m[0m
[0m[[0minfo[0m] [0m[31m  at processor.OtherTest$$anonfun$4.apply(OtherTest.scala:34)[0m[0m
[0m[[0minfo[0m] [0m[31m  at processor.OtherTest$$anonfun$4.apply(OtherTest.scala:34)[0m[0m
[0m[[0minfo[0m] [0m[31m  at org.scalatest.Transformer$$anonfun$apply$1.apply$mcV$sp(Transformer.scala:22)[0m[0m
[0m[[0minfo[0m] [0m[31m  at org.scalatest.OutcomeOf$class.outcomeOf(OutcomeOf.scala:85)[0m[0m
[0m[[0minfo[0m] [0m[31m  at org.scalatest.OutcomeOf$.outcomeOf(OutcomeOf.scala:104)[0m[0m
[0m[[0minfo[0m] [0m[31m  at org.scalatest.Transformer.apply(Transformer.scala:22)[0m[0m
[0m[[0minfo[0m] [0m[31m  ...[0m[0m
[0m[[0minfo[0m] [0m[31m- simple map *** FAILED ***[0m[0m
[0m[[0minfo[0m] [0m[31m  java.lang.RuntimeException: No result when parsing failed[0m[0m
[0m[[0minfo[0m] [0m[31m  at scala.sys.package$.error(package.scala:27)[0m[0m
[0m[[0minfo[0m] [0m[31m  at scala.util.parsing.combinator.Parsers$NoSuccess.get(Parsers.scala:176)[0m[0m
[0m[[0minfo[0m] [0m[31m  at scala.util.parsing.combinator.Parsers$NoSuccess.get(Parsers.scala:162)[0m[0m
[0m[[0minfo[0m] [0m[31m  at processor.OtherTest$$anonfun$5.apply$mcV$sp(OtherTest.scala:43)[0m[0m
[0m[[0minfo[0m] [0m[31m  at processor.OtherTest$$anonfun$5.apply(OtherTest.scala:42)[0m[0m
[0m[[0minfo[0m] [0m[31m  at processor.OtherTest$$anonfun$5.apply(OtherTest.scala:42)[0m[0m
[0m[[0minfo[0m] [0m[31m  at org.scalatest.Transformer$$anonfun$apply$1.apply$mcV$sp(Transformer.scala:22)[0m[0m
[0m[[0minfo[0m] [0m[31m  at org.scalatest.OutcomeOf$class.outcomeOf(OutcomeOf.scala:85)[0m[0m
[0m[[0minfo[0m] [0m[31m  at org.scalatest.OutcomeOf$.outcomeOf(OutcomeOf.scala:104)[0m[0m
[0m[[0minfo[0m] [0m[31m  at org.scalatest.Transformer.apply(Transformer.scala:22)[0m[0m
[0m[[0minfo[0m] [0m[31m  ...[0m[0m
[0m[[0minfo[0m] [0m[31m- simple list *** FAILED ***[0m[0m
[0m[[0minfo[0m] [0m[31m  java.lang.RuntimeException: No result when parsing failed[0m[0m
[0m[[0minfo[0m] [0m[31m  at scala.sys.package$.error(package.scala:27)[0m[0m
[0m[[0minfo[0m] [0m[31m  at scala.util.parsing.combinator.Parsers$NoSuccess.get(Parsers.scala:176)[0m[0m
[0m[[0minfo[0m] [0m[31m  at scala.util.parsing.combinator.Parsers$NoSuccess.get(Parsers.scala:162)[0m[0m
[0m[[0minfo[0m] [0m[31m  at processor.OtherTest$$anonfun$6.apply$mcV$sp(OtherTest.scala:60)[0m[0m
[0m[[0minfo[0m] [0m[31m  at processor.OtherTest$$anonfun$6.apply(OtherTest.scala:56)[0m[0m
[0m[[0minfo[0m] [0m[31m  at processor.OtherTest$$anonfun$6.apply(OtherTest.scala:56)[0m[0m
[0m[[0minfo[0m] [0m[31m  at org.scalatest.Transformer$$anonfun$apply$1.apply$mcV$sp(Transformer.scala:22)[0m[0m
[0m[[0minfo[0m] [0m[31m  at org.scalatest.OutcomeOf$class.outcomeOf(OutcomeOf.scala:85)[0m[0m
[0m[[0minfo[0m] [0m[31m  at org.scalatest.OutcomeOf$.outcomeOf(OutcomeOf.scala:104)[0m[0m
[0m[[0minfo[0m] [0m[31m  at org.scalatest.Transformer.apply(Transformer.scala:22)[0m[0m
[0m[[0minfo[0m] [0m[31m  ...[0m[0m
[0m[[0minfo[0m] [0m[31m- list of list *** FAILED ***[0m[0m
[0m[[0minfo[0m] [0m[31m  java.lang.RuntimeException: No result when parsing failed[0m[0m
[0m[[0minfo[0m] [0m[31m  at scala.sys.package$.error(package.scala:27)[0m[0m
[0m[[0minfo[0m] [0m[31m  at scala.util.parsing.combinator.Parsers$NoSuccess.get(Parsers.scala:176)[0m[0m
[0m[[0minfo[0m] [0m[31m  at scala.util.parsing.combinator.Parsers$NoSuccess.get(Parsers.scala:162)[0m[0m
[0m[[0minfo[0m] [0m[31m  at processor.OtherTest$$anonfun$7.apply$mcV$sp(OtherTest.scala:80)[0m[0m
[0m[[0minfo[0m] [0m[31m  at processor.OtherTest$$anonfun$7.apply(OtherTest.scala:69)[0m[0m
[0m[[0minfo[0m] [0m[31m  at processor.OtherTest$$anonfun$7.apply(OtherTest.scala:69)[0m[0m
[0m[[0minfo[0m] [0m[31m  at org.scalatest.Transformer$$anonfun$apply$1.apply$mcV$sp(Transformer.scala:22)[0m[0m
[0m[[0minfo[0m] [0m[31m  at org.scalatest.OutcomeOf$class.outcomeOf(OutcomeOf.scala:85)[0m[0m
[0m[[0minfo[0m] [0m[31m  at org.scalatest.OutcomeOf$.outcomeOf(OutcomeOf.scala:104)[0m[0m
[0m[[0minfo[0m] [0m[31m  at org.scalatest.Transformer.apply(Transformer.scala:22)[0m[0m
[0m[[0minfo[0m] [0m[31m  ...[0m[0m
[0m[[0minfo[0m] [0m[31m- map of map *** FAILED ***[0m[0m
[0m[[0minfo[0m] [0m[31m  java.lang.RuntimeException: No result when parsing failed[0m[0m
[0m[[0minfo[0m] [0m[31m  at scala.sys.package$.error(package.scala:27)[0m[0m
[0m[[0minfo[0m] [0m[31m  at scala.util.parsing.combinator.Parsers$NoSuccess.get(Parsers.scala:176)[0m[0m
[0m[[0minfo[0m] [0m[31m  at scala.util.parsing.combinator.Parsers$NoSuccess.get(Parsers.scala:162)[0m[0m
[0m[[0minfo[0m] [0m[31m  at processor.OtherTest$$anonfun$8.apply$mcV$sp(OtherTest.scala:90)[0m[0m
[0m[[0minfo[0m] [0m[31m  at processor.OtherTest$$anonfun$8.apply(OtherTest.scala:83)[0m[0m
[0m[[0minfo[0m] [0m[31m  at processor.OtherTest$$anonfun$8.apply(OtherTest.scala:83)[0m[0m
[0m[[0minfo[0m] [0m[31m  at org.scalatest.Transformer$$anonfun$apply$1.apply$mcV$sp(Transformer.scala:22)[0m[0m
[0m[[0minfo[0m] [0m[31m  at org.scalatest.OutcomeOf$class.outcomeOf(OutcomeOf.scala:85)[0m[0m
[0m[[0minfo[0m] [0m[31m  at org.scalatest.OutcomeOf$.outcomeOf(OutcomeOf.scala:104)[0m[0m
[0m[[0minfo[0m] [0m[31m  at org.scalatest.Transformer.apply(Transformer.scala:22)[0m[0m
[0m[[0minfo[0m] [0m[31m  ...[0m[0m
[0m[[0minfo[0m] [0m[31m- list of map *** FAILED ***[0m[0m
[0m[[0minfo[0m] [0m[31m  java.lang.RuntimeException: No result when parsing failed[0m[0m
[0m[[0minfo[0m] [0m[31m  at scala.sys.package$.error(package.scala:27)[0m[0m
[0m[[0minfo[0m] [0m[31m  at scala.util.parsing.combinator.Parsers$NoSuccess.get(Parsers.scala:176)[0m[0m
[0m[[0minfo[0m] [0m[31m  at scala.util.parsing.combinator.Parsers$NoSuccess.get(Parsers.scala:162)[0m[0m
[0m[[0minfo[0m] [0m[31m  at processor.OtherTest$$anonfun$9.apply$mcV$sp(OtherTest.scala:122)[0m[0m
[0m[[0minfo[0m] [0m[31m  at processor.OtherTest$$anonfun$9.apply(OtherTest.scala:113)[0m[0m
[0m[[0minfo[0m] [0m[31m  at processor.OtherTest$$anonfun$9.apply(OtherTest.scala:113)[0m[0m
[0m[[0minfo[0m] [0m[31m  at org.scalatest.Transformer$$anonfun$apply$1.apply$mcV$sp(Transformer.scala:22)[0m[0m
[0m[[0minfo[0m] [0m[31m  at org.scalatest.OutcomeOf$class.outcomeOf(OutcomeOf.scala:85)[0m[0m
[0m[[0minfo[0m] [0m[31m  at org.scalatest.OutcomeOf$.outcomeOf(OutcomeOf.scala:104)[0m[0m
[0m[[0minfo[0m] [0m[31m  at org.scalatest.Transformer.apply(Transformer.scala:22)[0m[0m
[0m[[0minfo[0m] [0m[31m  ...[0m[0m
[0m[[0minfo[0m] [0m[31m- map of list *** FAILED ***[0m[0m
[0m[[0minfo[0m] [0m[31m  java.lang.RuntimeException: No result when parsing failed[0m[0m
[0m[[0minfo[0m] [0m[31m  at scala.sys.package$.error(package.scala:27)[0m[0m
[0m[[0minfo[0m] [0m[31m  at scala.util.parsing.combinator.Parsers$NoSuccess.get(Parsers.scala:176)[0m[0m
[0m[[0minfo[0m] [0m[31m  at scala.util.parsing.combinator.Parsers$NoSuccess.get(Parsers.scala:162)[0m[0m
[0m[[0minfo[0m] [0m[31m  at processor.OtherTest$$anonfun$10.apply$mcV$sp(OtherTest.scala:135)[0m[0m
[0m[[0minfo[0m] [0m[31m  at processor.OtherTest$$anonfun$10.apply(OtherTest.scala:125)[0m[0m
[0m[[0minfo[0m] [0m[31m  at processor.OtherTest$$anonfun$10.apply(OtherTest.scala:125)[0m[0m
[0m[[0minfo[0m] [0m[31m  at org.scalatest.Transformer$$anonfun$apply$1.apply$mcV$sp(Transformer.scala:22)[0m[0m
[0m[[0minfo[0m] [0m[31m  at org.scalatest.OutcomeOf$class.outcomeOf(OutcomeOf.scala:85)[0m[0m
[0m[[0minfo[0m] [0m[31m  at org.scalatest.OutcomeOf$.outcomeOf(OutcomeOf.scala:104)[0m[0m
[0m[[0minfo[0m] [0m[31m  at org.scalatest.Transformer.apply(Transformer.scala:22)[0m[0m
[0m[[0minfo[0m] [0m[31m  ...[0m[0m
[0m[[0minfo[0m] [0m[31m- inline map *** FAILED ***[0m[0m
[0m[[0minfo[0m] [0m[31m  java.lang.RuntimeException: No result when parsing failed[0m[0m
[0m[[0minfo[0m] [0m[31m  at scala.sys.package$.error(package.scala:27)[0m[0m
[0m[[0minfo[0m] [0m[31m  at scala.util.parsing.combinator.Parsers$NoSuccess.get(Parsers.scala:176)[0m[0m
[0m[[0minfo[0m] [0m[31m  at scala.util.parsing.combinator.Parsers$NoSuccess.get(Parsers.scala:162)[0m[0m
[0m[[0minfo[0m] [0m[31m  at processor.OtherTest$$anonfun$11.apply$mcV$sp(OtherTest.scala:150)[0m[0m
[0m[[0minfo[0m] [0m[31m  at processor.OtherTest$$anonfun$11.apply(OtherTest.scala:149)[0m[0m
[0m[[0minfo[0m] [0m[31m  at processor.OtherTest$$anonfun$11.apply(OtherTest.scala:149)[0m[0m
[0m[[0minfo[0m] [0m[31m  at org.scalatest.Transformer$$anonfun$apply$1.apply$mcV$sp(Transformer.scala:22)[0m[0m
[0m[[0minfo[0m] [0m[31m  at org.scalatest.OutcomeOf$class.outcomeOf(OutcomeOf.scala:85)[0m[0m
[0m[[0minfo[0m] [0m[31m  at org.scalatest.OutcomeOf$.outcomeOf(OutcomeOf.scala:104)[0m[0m
[0m[[0minfo[0m] [0m[31m  at org.scalatest.Transformer.apply(Transformer.scala:22)[0m[0m
[0m[[0minfo[0m] [0m[31m  ...[0m[0m
[0m[[0minfo[0m] [0m[31m- map of map of map *** FAILED ***[0m[0m
[0m[[0minfo[0m] [0m[31m  java.lang.RuntimeException: No result when parsing failed[0m[0m
[0m[[0minfo[0m] [0m[31m  at scala.sys.package$.error(package.scala:27)[0m[0m
[0m[[0minfo[0m] [0m[31m  at scala.util.parsing.combinator.Parsers$NoSuccess.get(Parsers.scala:176)[0m[0m
[0m[[0minfo[0m] [0m[31m  at scala.util.parsing.combinator.Parsers$NoSuccess.get(Parsers.scala:162)[0m[0m
[0m[[0minfo[0m] [0m[31m  at processor.OtherTest$$anonfun$12.apply$mcV$sp(OtherTest.scala:163)[0m[0m
[0m[[0minfo[0m] [0m[31m  at processor.OtherTest$$anonfun$12.apply(OtherTest.scala:155)[0m[0m
[0m[[0minfo[0m] [0m[31m  at processor.OtherTest$$anonfun$12.apply(OtherTest.scala:155)[0m[0m
[0m[[0minfo[0m] [0m[31m  at org.scalatest.Transformer$$anonfun$apply$1.apply$mcV$sp(Transformer.scala:22)[0m[0m
[0m[[0minfo[0m] [0m[31m  at org.scalatest.OutcomeOf$class.outcomeOf(OutcomeOf.scala:85)[0m[0m
[0m[[0minfo[0m] [0m[31m  at org.scalatest.OutcomeOf$.outcomeOf(OutcomeOf.scala:104)[0m[0m
[0m[[0minfo[0m] [0m[31m  at org.scalatest.Transformer.apply(Transformer.scala:22)[0m[0m
[0m[[0minfo[0m] [0m[31m  ...[0m[0m
[0m[[0minfo[0m] [0m[31m- inline list *** FAILED ***[0m[0m
[0m[[0minfo[0m] [0m[31m  java.lang.RuntimeException: No result when parsing failed[0m[0m
[0m[[0minfo[0m] [0m[31m  at scala.sys.package$.error(package.scala:27)[0m[0m
[0m[[0minfo[0m] [0m[31m  at scala.util.parsing.combinator.Parsers$NoSuccess.get(Parsers.scala:176)[0m[0m
[0m[[0minfo[0m] [0m[31m  at scala.util.parsing.combinator.Parsers$NoSuccess.get(Parsers.scala:162)[0m[0m
[0m[[0minfo[0m] [0m[31m  at processor.OtherTest$$anonfun$13.apply$mcV$sp(OtherTest.scala:179)[0m[0m
[0m[[0minfo[0m] [0m[31m  at processor.OtherTest$$anonfun$13.apply(OtherTest.scala:178)[0m[0m
[0m[[0minfo[0m] [0m[31m  at processor.OtherTest$$anonfun$13.apply(OtherTest.scala:178)[0m[0m
[0m[[0minfo[0m] [0m[31m  at org.scalatest.Transformer$$anonfun$apply$1.apply$mcV$sp(Transformer.scala:22)[0m[0m
[0m[[0minfo[0m] [0m[31m  at org.scalatest.OutcomeOf$class.outcomeOf(OutcomeOf.scala:85)[0m[0m
[0m[[0minfo[0m] [0m[31m  at org.scalatest.OutcomeOf$.outcomeOf(OutcomeOf.scala:104)[0m[0m
[0m[[0minfo[0m] [0m[31m  at org.scalatest.Transformer.apply(Transformer.scala:22)[0m[0m
[0m[[0minfo[0m] [0m[31m  ...[0m[0m
[0m[[0minfo[0m] [0m[31m- map of inline list *** FAILED ***[0m[0m
[0m[[0minfo[0m] [0m[31m  java.lang.RuntimeException: No result when parsing failed[0m[0m
[0m[[0minfo[0m] [0m[31m  at scala.sys.package$.error(package.scala:27)[0m[0m
[0m[[0minfo[0m] [0m[31m  at scala.util.parsing.combinator.Parsers$NoSuccess.get(Parsers.scala:176)[0m[0m
[0m[[0minfo[0m] [0m[31m  at scala.util.parsing.combinator.Parsers$NoSuccess.get(Parsers.scala:162)[0m[0m
[0m[[0minfo[0m] [0m[31m  at processor.OtherTest$$anonfun$14.apply$mcV$sp(OtherTest.scala:188)[0m[0m
[0m[[0minfo[0m] [0m[31m  at processor.OtherTest$$anonfun$14.apply(OtherTest.scala:183)[0m[0m
[0m[[0minfo[0m] [0m[31m  at processor.OtherTest$$anonfun$14.apply(OtherTest.scala:183)[0m[0m
[0m[[0minfo[0m] [0m[31m  at org.scalatest.Transformer$$anonfun$apply$1.apply$mcV$sp(Transformer.scala:22)[0m[0m
[0m[[0minfo[0m] [0m[31m  at org.scalatest.OutcomeOf$class.outcomeOf(OutcomeOf.scala:85)[0m[0m
[0m[[0minfo[0m] [0m[31m  at org.scalatest.OutcomeOf$.outcomeOf(OutcomeOf.scala:104)[0m[0m
[0m[[0minfo[0m] [0m[31m  at org.scalatest.Transformer.apply(Transformer.scala:22)[0m[0m
[0m[[0minfo[0m] [0m[31m  ...[0m[0m
[0m[[0minfo[0m] [0m[31m- more complicated *** FAILED ***[0m[0m
[0m[[0minfo[0m] [0m[31m  java.lang.RuntimeException: No result when parsing failed[0m[0m
[0m[[0minfo[0m] [0m[31m  at scala.sys.package$.error(package.scala:27)[0m[0m
[0m[[0minfo[0m] [0m[31m  at scala.util.parsing.combinator.Parsers$NoSuccess.get(Parsers.scala:176)[0m[0m
[0m[[0minfo[0m] [0m[31m  at scala.util.parsing.combinator.Parsers$NoSuccess.get(Parsers.scala:162)[0m[0m
[0m[[0minfo[0m] [0m[31m  at processor.OtherTest$$anonfun$15.apply$mcV$sp(OtherTest.scala:207)[0m[0m
[0m[[0minfo[0m] [0m[31m  at processor.OtherTest$$anonfun$15.apply(OtherTest.scala:192)[0m[0m
[0m[[0minfo[0m] [0m[31m  at processor.OtherTest$$anonfun$15.apply(OtherTest.scala:192)[0m[0m
[0m[[0minfo[0m] [0m[31m  at org.scalatest.Transformer$$anonfun$apply$1.apply$mcV$sp(Transformer.scala:22)[0m[0m
[0m[[0minfo[0m] [0m[31m  at org.scalatest.OutcomeOf$class.outcomeOf(OutcomeOf.scala:85)[0m[0m
[0m[[0minfo[0m] [0m[31m  at org.scalatest.OutcomeOf$.outcomeOf(OutcomeOf.scala:104)[0m[0m
[0m[[0minfo[0m] [0m[31m  at org.scalatest.Transformer.apply(Transformer.scala:22)[0m[0m
[0m[[0minfo[0m] [0m[31m  ...[0m[0m
[0m[[0minfo[0m] [0m[31m- comments *** FAILED ***[0m[0m
[0m[[0minfo[0m] [0m[31m  java.lang.RuntimeException: No result when parsing failed[0m[0m
[0m[[0minfo[0m] [0m[31m  at scala.sys.package$.error(package.scala:27)[0m[0m
[0m[[0minfo[0m] [0m[31m  at scala.util.parsing.combinator.Parsers$NoSuccess.get(Parsers.scala:176)[0m[0m
[0m[[0minfo[0m] [0m[31m  at scala.util.parsing.combinator.Parsers$NoSuccess.get(Parsers.scala:162)[0m[0m
[0m[[0minfo[0m] [0m[31m  at processor.OtherTest$$anonfun$16.apply$mcV$sp(OtherTest.scala:222)[0m[0m
[0m[[0minfo[0m] [0m[31m  at processor.OtherTest$$anonfun$16.apply(OtherTest.scala:211)[0m[0m
[0m[[0minfo[0m] [0m[31m  at processor.OtherTest$$anonfun$16.apply(OtherTest.scala:211)[0m[0m
[0m[[0minfo[0m] [0m[31m  at org.scalatest.Transformer$$anonfun$apply$1.apply$mcV$sp(Transformer.scala:22)[0m[0m
[0m[[0minfo[0m] [0m[31m  at org.scalatest.OutcomeOf$class.outcomeOf(OutcomeOf.scala:85)[0m[0m
[0m[[0minfo[0m] [0m[31m  at org.scalatest.OutcomeOf$.outcomeOf(OutcomeOf.scala:104)[0m[0m
[0m[[0minfo[0m] [0m[31m  at org.scalatest.Transformer.apply(Transformer.scala:22)[0m[0m
[0m[[0minfo[0m] [0m[31m  ...[0m[0m
[0m[[0minfo[0m] [0m[31m- Yet another comments *** FAILED ***[0m[0m
[0m[[0minfo[0m] [0m[31m  java.lang.RuntimeException: No result when parsing failed[0m[0m
[0m[[0minfo[0m] [0m[31m  at scala.sys.package$.error(package.scala:27)[0m[0m
[0m[[0minfo[0m] [0m[31m  at scala.util.parsing.combinator.Parsers$NoSuccess.get(Parsers.scala:176)[0m[0m
[0m[[0minfo[0m] [0m[31m  at scala.util.parsing.combinator.Parsers$NoSuccess.get(Parsers.scala:162)[0m[0m
[0m[[0minfo[0m] [0m[31m  at processor.OtherTest$$anonfun$17.apply$mcV$sp(OtherTest.scala:234)[0m[0m
[0m[[0minfo[0m] [0m[31m  at processor.OtherTest$$anonfun$17.apply(OtherTest.scala:226)[0m[0m
[0m[[0minfo[0m] [0m[31m  at processor.OtherTest$$anonfun$17.apply(OtherTest.scala:226)[0m[0m
[0m[[0minfo[0m] [0m[31m  at org.scalatest.Transformer$$anonfun$apply$1.apply$mcV$sp(Transformer.scala:22)[0m[0m
[0m[[0minfo[0m] [0m[31m  at org.scalatest.OutcomeOf$class.outcomeOf(OutcomeOf.scala:85)[0m[0m
[0m[[0minfo[0m] [0m[31m  at org.scalatest.OutcomeOf$.outcomeOf(OutcomeOf.scala:104)[0m[0m
[0m[[0minfo[0m] [0m[31m  at org.scalatest.Transformer.apply(Transformer.scala:22)[0m[0m
[0m[[0minfo[0m] [0m[31m  ...[0m[0m
[0m[[0minfo[0m] [0m[31m- block skalars *** FAILED ***[0m[0m
[0m[[0minfo[0m] [0m[31m  java.lang.RuntimeException: No result when parsing failed[0m[0m
[0m[[0minfo[0m] [0m[31m  at scala.sys.package$.error(package.scala:27)[0m[0m
[0m[[0minfo[0m] [0m[31m  at scala.util.parsing.combinator.Parsers$NoSuccess.get(Parsers.scala:176)[0m[0m
[0m[[0minfo[0m] [0m[31m  at scala.util.parsing.combinator.Parsers$NoSuccess.get(Parsers.scala:162)[0m[0m
[0m[[0minfo[0m] [0m[31m  at processor.OtherTest$$anonfun$18.apply$mcV$sp(OtherTest.scala:253)[0m[0m
[0m[[0minfo[0m] [0m[31m  at processor.OtherTest$$anonfun$18.apply(OtherTest.scala:243)[0m[0m
[0m[[0minfo[0m] [0m[31m  at processor.OtherTest$$anonfun$18.apply(OtherTest.scala:243)[0m[0m
[0m[[0minfo[0m] [0m[31m  at org.scalatest.Transformer$$anonfun$apply$1.apply$mcV$sp(Transformer.scala:22)[0m[0m
[0m[[0minfo[0m] [0m[31m  at org.scalatest.OutcomeOf$class.outcomeOf(OutcomeOf.scala:85)[0m[0m
[0m[[0minfo[0m] [0m[31m  at org.scalatest.OutcomeOf$.outcomeOf(OutcomeOf.scala:104)[0m[0m
[0m[[0minfo[0m] [0m[31m  at org.scalatest.Transformer.apply(Transformer.scala:22)[0m[0m
[0m[[0minfo[0m] [0m[31m  ...[0m[0m
[0m[[0minfo[0m] [0m[31m- Parser must parse file 1 *** FAILED ***[0m[0m
[0m[[0minfo[0m] [0m[31m  java.lang.RuntimeException: No result when parsing failed[0m[0m
[0m[[0minfo[0m] [0m[31m  at scala.sys.package$.error(package.scala:27)[0m[0m
[0m[[0minfo[0m] [0m[31m  at scala.util.parsing.combinator.Parsers$NoSuccess.get(Parsers.scala:176)[0m[0m
[0m[[0minfo[0m] [0m[31m  at scala.util.parsing.combinator.Parsers$NoSuccess.get(Parsers.scala:162)[0m[0m
[0m[[0minfo[0m] [0m[31m  at processor.OtherTest$$anonfun$19.apply$mcV$sp(OtherTest.scala:285)[0m[0m
[0m[[0minfo[0m] [0m[31m  at processor.OtherTest$$anonfun$19.apply(OtherTest.scala:259)[0m[0m
[0m[[0minfo[0m] [0m[31m  at processor.OtherTest$$anonfun$19.apply(OtherTest.scala:259)[0m[0m
[0m[[0minfo[0m] [0m[31m  at org.scalatest.Transformer$$anonfun$apply$1.apply$mcV$sp(Transformer.scala:22)[0m[0m
[0m[[0minfo[0m] [0m[31m  at org.scalatest.OutcomeOf$class.outcomeOf(OutcomeOf.scala:85)[0m[0m
[0m[[0minfo[0m] [0m[31m  at org.scalatest.OutcomeOf$.outcomeOf(OutcomeOf.scala:104)[0m[0m
[0m[[0minfo[0m] [0m[31m  at org.scalatest.Transformer.apply(Transformer.scala:22)[0m[0m
[0m[[0minfo[0m] [0m[31m  ...[0m[0m
