[0m[[0mdebug[0m] [0mRunning TaskDef(processor.OtherTest, org.scalatest.tools.Framework$$anon$1@32e2c114, false, [SuiteSelector])[0m
[0m[[0minfo[0m] [0m[36mRun completed in 229 milliseconds.[0m[0m
[0m[[0minfo[0m] [0m[36mTotal number of tests run: 19[0m[0m
[0m[[0minfo[0m] [0m[36mSuites: completed 1, aborted 0[0m[0m
[0m[[0minfo[0m] [0m[36mTests: succeeded 2, failed 17, canceled 0, ignored 0, pending 0[0m[0m
[0m[[0minfo[0m] [0m[31m*** 17 TESTS FAILED ***[0m[0m
[0m[[31merror[0m] [0mFailed tests:[0m
[0m[[31merror[0m] [0m	processor.OtherTest[0m
[0m[[31merror[0m] [0m(test:[31mtestOnly[0m) sbt.TestsFailedException: Tests unsuccessful[0m
